
jan 21, 2018 22:40:17.96 NEW SESSION
jan 21, 2018 22:40:17.96 
jan 21, 2018 22:40:17.96 (firefox:4815): Gtk-WARNING **: Theme parsing error: gtk.css:27:35: Junk at end of value
jan 21, 2018 22:40:17.96 
jan 21, 2018 22:40:17.96 (firefox:4815): Gtk-WARNING **: Theme parsing error: gtk.css:40:48: Junk at end of value
jan 21, 2018 22:40:17.96 
jan 21, 2018 22:40:17.96 (firefox:4815): Gtk-WARNING **: Theme parsing error: gtk.css:48:46: Junk at end of value
jan 21, 2018 22:40:17.96 
jan 21, 2018 22:40:17.96 (firefox:4815): Gtk-WARNING **: Theme parsing error: gtk.css:59:58: Junk at end of value
jan 21, 2018 22:40:17.96 
jan 21, 2018 22:40:17.96 (firefox:4815): Gtk-WARNING **: Theme parsing error: gtk.css:70:46: Junk at end of value
jan 21, 2018 22:40:17.96 
jan 21, 2018 22:40:17.96 (firefox:4815): Gtk-WARNING **: Theme parsing error: gtk.css:81:58: Junk at end of value
jan 21, 2018 22:40:25.11 
jan 21, 2018 22:40:25.11 (firefox:5019): Gtk-WARNING **: Theme parsing error: gtk.css:27:35: Junk at end of value
jan 21, 2018 22:40:25.11 
jan 21, 2018 22:40:25.11 (firefox:5019): Gtk-WARNING **: Theme parsing error: gtk.css:40:48: Junk at end of value
jan 21, 2018 22:40:25.11 
jan 21, 2018 22:40:25.11 (firefox:5019): Gtk-WARNING **: Theme parsing error: gtk.css:48:46: Junk at end of value
jan 21, 2018 22:40:25.11 
jan 21, 2018 22:40:25.11 (firefox:5019): Gtk-WARNING **: Theme parsing error: gtk.css:59:58: Junk at end of value
jan 21, 2018 22:40:25.11 
jan 21, 2018 22:40:25.11 (firefox:5019): Gtk-WARNING **: Theme parsing error: gtk.css:70:46: Junk at end of value
jan 21, 2018 22:40:25.11 
jan 21, 2018 22:40:25.11 (firefox:5019): Gtk-WARNING **: Theme parsing error: gtk.css:81:58: Junk at end of value
jan 21, 2018 22:40:25.70 
jan 21, 2018 22:40:25.70 (firefox:4899): Gtk-WARNING **: Theme parsing error: gtk.css:27:35: Junk at end of value
jan 21, 2018 22:40:25.70 
jan 21, 2018 22:40:25.70 (firefox:4899): Gtk-WARNING **: Theme parsing error: gtk.css:40:48: Junk at end of value
jan 21, 2018 22:40:25.70 
jan 21, 2018 22:40:25.70 (firefox:4899): Gtk-WARNING **: Theme parsing error: gtk.css:48:46: Junk at end of value
jan 21, 2018 22:40:25.70 
jan 21, 2018 22:40:25.70 (firefox:4899): Gtk-WARNING **: Theme parsing error: gtk.css:59:58: Junk at end of value
jan 21, 2018 22:40:25.70 
jan 21, 2018 22:40:25.70 (firefox:4899): Gtk-WARNING **: Theme parsing error: gtk.css:70:46: Junk at end of value
jan 21, 2018 22:40:25.70 
jan 21, 2018 22:40:25.70 (firefox:4899): Gtk-WARNING **: Theme parsing error: gtk.css:81:58: Junk at end of value
jan 21, 2018 22:40:26.91 
jan 21, 2018 22:40:26.91 (firefox:5165): Gtk-WARNING **: Theme parsing error: gtk.css:27:35: Junk at end of value
jan 21, 2018 22:40:26.91 
jan 21, 2018 22:40:26.91 (firefox:5165): Gtk-WARNING **: Theme parsing error: gtk.css:40:48: Junk at end of value
jan 21, 2018 22:40:26.91 
jan 21, 2018 22:40:26.91 (firefox:5165): Gtk-WARNING **: Theme parsing error: gtk.css:48:46: Junk at end of value
jan 21, 2018 22:40:26.91 
jan 21, 2018 22:40:26.91 (firefox:5165): Gtk-WARNING **: Theme parsing error: gtk.css:59:58: Junk at end of value
jan 21, 2018 22:40:26.91 
jan 21, 2018 22:40:26.91 (firefox:5165): Gtk-WARNING **: Theme parsing error: gtk.css:70:46: Junk at end of value
jan 21, 2018 22:40:26.91 
jan 21, 2018 22:40:26.91 (firefox:5165): Gtk-WARNING **: Theme parsing error: gtk.css:81:58: Junk at end of value
jan 21, 2018 22:40:27.18 
jan 21, 2018 22:40:27.18 (firefox:4919): Gtk-WARNING **: Theme parsing error: gtk.css:27:35: Junk at end of value
jan 21, 2018 22:40:27.18 
jan 21, 2018 22:40:27.18 (firefox:4919): Gtk-WARNING **: Theme parsing error: gtk.css:40:48: Junk at end of value
jan 21, 2018 22:40:27.18 
jan 21, 2018 22:40:27.18 (firefox:4919): Gtk-WARNING **: Theme parsing error: gtk.css:48:46: Junk at end of value
jan 21, 2018 22:40:27.19 
jan 21, 2018 22:40:27.19 (firefox:4919): Gtk-WARNING **: Theme parsing error: gtk.css:59:58: Junk at end of value
jan 21, 2018 22:40:27.19 
jan 21, 2018 22:40:27.19 (firefox:4919): Gtk-WARNING **: Theme parsing error: gtk.css:70:46: Junk at end of value
jan 21, 2018 22:40:27.19 
jan 21, 2018 22:40:27.19 (firefox:4919): Gtk-WARNING **: Theme parsing error: gtk.css:81:58: Junk at end of value
jan 21, 2018 22:40:28.24 
jan 21, 2018 22:40:28.24 (/usr/lib/firefox/firefox:5322): Gtk-WARNING **: Theme parsing error: gtk.css:27:35: Junk at end of value
jan 21, 2018 22:40:28.24 
jan 21, 2018 22:40:28.24 (/usr/lib/firefox/firefox:5322): Gtk-WARNING **: Theme parsing error: gtk.css:40:48: Junk at end of value
jan 21, 2018 22:40:28.24 
jan 21, 2018 22:40:28.24 (/usr/lib/firefox/firefox:5322): Gtk-WARNING **: Theme parsing error: gtk.css:48:46: Junk at end of value
jan 21, 2018 22:40:28.24 
jan 21, 2018 22:40:28.24 (/usr/lib/firefox/firefox:5322): Gtk-WARNING **: Theme parsing error: gtk.css:59:58: Junk at end of value
jan 21, 2018 22:40:28.24 
jan 21, 2018 22:40:28.24 (/usr/lib/firefox/firefox:5322): Gtk-WARNING **: Theme parsing error: gtk.css:70:46: Junk at end of value
jan 21, 2018 22:40:28.24 
jan 21, 2018 22:40:28.24 (/usr/lib/firefox/firefox:5322): Gtk-WARNING **: Theme parsing error: gtk.css:81:58: Junk at end of value
jan 21, 2018 22:40:28.26 
jan 21, 2018 22:40:28.26 (/usr/lib/firefox/firefox:5341): Gtk-WARNING **: Theme parsing error: gtk.css:27:35: Junk at end of value
jan 21, 2018 22:40:28.26 
jan 21, 2018 22:40:28.26 (/usr/lib/firefox/firefox:5341): Gtk-WARNING **: Theme parsing error: gtk.css:40:48: Junk at end of value
jan 21, 2018 22:40:28.26 
jan 21, 2018 22:40:28.26 (/usr/lib/firefox/firefox:5341): Gtk-WARNING **: Theme parsing error: gtk.css:48:46: Junk at end of value
jan 21, 2018 22:40:28.26 
jan 21, 2018 22:40:28.26 (/usr/lib/firefox/firefox:5341): Gtk-WARNING **: Theme parsing error: gtk.css:59:58: Junk at end of value
jan 21, 2018 22:40:28.26 
jan 21, 2018 22:40:28.26 (/usr/lib/firefox/firefox:5341): Gtk-WARNING **: Theme parsing error: gtk.css:70:46: Junk at end of value
jan 21, 2018 22:40:28.26 
jan 21, 2018 22:40:28.26 (/usr/lib/firefox/firefox:5341): Gtk-WARNING **: Theme parsing error: gtk.css:81:58: Junk at end of value
jan 21, 2018 22:40:29.80 
jan 21, 2018 22:40:29.80 (firefox:4996): Gtk-WARNING **: Theme parsing error: gtk.css:27:35: Junk at end of value
jan 21, 2018 22:40:29.80 
jan 21, 2018 22:40:29.80 (firefox:4996): Gtk-WARNING **: Theme parsing error: gtk.css:40:48: Junk at end of value
jan 21, 2018 22:40:29.80 
jan 21, 2018 22:40:29.80 (firefox:4996): Gtk-WARNING **: Theme parsing error: gtk.css:48:46: Junk at end of value
jan 21, 2018 22:40:29.80 
jan 21, 2018 22:40:29.80 (firefox:4996): Gtk-WARNING **: Theme parsing error: gtk.css:59:58: Junk at end of value
jan 21, 2018 22:40:29.80 
jan 21, 2018 22:40:29.80 (firefox:4996): Gtk-WARNING **: Theme parsing error: gtk.css:70:46: Junk at end of value
jan 21, 2018 22:40:29.80 
jan 21, 2018 22:40:29.80 (firefox:4996): Gtk-WARNING **: Theme parsing error: gtk.css:81:58: Junk at end of value
jan 21, 2018 22:40:32.04 
jan 21, 2018 22:40:32.04 (/usr/lib/firefox/firefox:5502): Gtk-WARNING **: Theme parsing error: gtk.css:27:35: Junk at end of value
jan 21, 2018 22:40:32.04 
jan 21, 2018 22:40:32.04 (/usr/lib/firefox/firefox:5502): Gtk-WARNING **: Theme parsing error: gtk.css:40:48: Junk at end of value
jan 21, 2018 22:40:32.04 
jan 21, 2018 22:40:32.04 (/usr/lib/firefox/firefox:5502): Gtk-WARNING **: Theme parsing error: gtk.css:48:46: Junk at end of value
jan 21, 2018 22:40:32.04 
jan 21, 2018 22:40:32.04 (/usr/lib/firefox/firefox:5502): Gtk-WARNING **: Theme parsing error: gtk.css:59:58: Junk at end of value
jan 21, 2018 22:40:32.04 
jan 21, 2018 22:40:32.04 (/usr/lib/firefox/firefox:5502): Gtk-WARNING **: Theme parsing error: gtk.css:70:46: Junk at end of value
jan 21, 2018 22:40:32.04 
jan 21, 2018 22:40:32.04 (/usr/lib/firefox/firefox:5502): Gtk-WARNING **: Theme parsing error: gtk.css:81:58: Junk at end of value
jan 21, 2018 22:40:55.46 
jan 21, 2018 22:40:55.46 (/usr/lib/firefox/firefox:5950): Gtk-WARNING **: Theme parsing error: gtk.css:27:35: Junk at end of value
jan 21, 2018 22:40:55.46 
jan 21, 2018 22:40:55.46 (/usr/lib/firefox/firefox:5950): Gtk-WARNING **: Theme parsing error: gtk.css:40:48: Junk at end of value
jan 21, 2018 22:40:55.46 
jan 21, 2018 22:40:55.46 (/usr/lib/firefox/firefox:5950): Gtk-WARNING **: Theme parsing error: gtk.css:48:46: Junk at end of value
jan 21, 2018 22:40:55.46 
jan 21, 2018 22:40:55.46 (/usr/lib/firefox/firefox:5950): Gtk-WARNING **: Theme parsing error: gtk.css:59:58: Junk at end of value
jan 21, 2018 22:40:55.46 
jan 21, 2018 22:40:55.46 (/usr/lib/firefox/firefox:5950): Gtk-WARNING **: Theme parsing error: gtk.css:70:46: Junk at end of value
jan 21, 2018 22:40:55.46 
jan 21, 2018 22:40:55.46 (/usr/lib/firefox/firefox:5950): Gtk-WARNING **: Theme parsing error: gtk.css:81:58: Junk at end of value
jan 21, 2018 22:41:36.84 
jan 21, 2018 22:41:36.84 (/usr/lib/firefox/firefox:6652): Gtk-WARNING **: Theme parsing error: gtk.css:27:35: Junk at end of value
jan 21, 2018 22:41:36.84 
jan 21, 2018 22:41:36.84 (/usr/lib/firefox/firefox:6652): Gtk-WARNING **: Theme parsing error: gtk.css:40:48: Junk at end of value
jan 21, 2018 22:41:36.84 
jan 21, 2018 22:41:36.84 (/usr/lib/firefox/firefox:6652): Gtk-WARNING **: Theme parsing error: gtk.css:48:46: Junk at end of value
jan 21, 2018 22:41:36.84 
jan 21, 2018 22:41:36.84 (/usr/lib/firefox/firefox:6652): Gtk-WARNING **: Theme parsing error: gtk.css:59:58: Junk at end of value
jan 21, 2018 22:41:36.84 
jan 21, 2018 22:41:36.84 (/usr/lib/firefox/firefox:6652): Gtk-WARNING **: Theme parsing error: gtk.css:70:46: Junk at end of value
jan 21, 2018 22:41:36.84 
jan 21, 2018 22:41:36.84 (/usr/lib/firefox/firefox:6652): Gtk-WARNING **: Theme parsing error: gtk.css:81:58: Junk at end of value
jan 21, 2018 22:41:38.35 
jan 21, 2018 22:41:38.35 (/usr/lib/firefox/firefox:6685): Gtk-WARNING **: Theme parsing error: gtk.css:27:35: Junk at end of value
jan 21, 2018 22:41:38.35 
jan 21, 2018 22:41:38.35 (/usr/lib/firefox/firefox:6685): Gtk-WARNING **: Theme parsing error: gtk.css:40:48: Junk at end of value
jan 21, 2018 22:41:38.35 
jan 21, 2018 22:41:38.35 (/usr/lib/firefox/firefox:6685): Gtk-WARNING **: Theme parsing error: gtk.css:48:46: Junk at end of value
jan 21, 2018 22:41:38.35 
jan 21, 2018 22:41:38.35 (/usr/lib/firefox/firefox:6685): Gtk-WARNING **: Theme parsing error: gtk.css:59:58: Junk at end of value
jan 21, 2018 22:41:38.35 
jan 21, 2018 22:41:38.35 (/usr/lib/firefox/firefox:6685): Gtk-WARNING **: Theme parsing error: gtk.css:70:46: Junk at end of value
jan 21, 2018 22:41:38.35 
jan 21, 2018 22:41:38.35 (/usr/lib/firefox/firefox:6685): Gtk-WARNING **: Theme parsing error: gtk.css:81:58: Junk at end of value
jan 21, 2018 22:41:53.40 
jan 21, 2018 22:41:53.40 (/usr/lib/firefox/firefox:5502): dconf-WARNING **: Unable to open /var/lib/snapd/desktop/dconf/profile/user: Permission denied
jan 21, 2018 22:54:46.38 
jan 21, 2018 22:54:46.38 (/usr/lib/firefox/firefox:19880): Gtk-WARNING **: Theme parsing error: gtk.css:27:35: Junk at end of value
jan 21, 2018 22:54:46.38 
jan 21, 2018 22:54:46.38 (/usr/lib/firefox/firefox:19880): Gtk-WARNING **: Theme parsing error: gtk.css:40:48: Junk at end of value
jan 21, 2018 22:54:46.38 
jan 21, 2018 22:54:46.38 (/usr/lib/firefox/firefox:19880): Gtk-WARNING **: Theme parsing error: gtk.css:48:46: Junk at end of value
jan 21, 2018 22:54:46.38 
jan 21, 2018 22:54:46.38 (/usr/lib/firefox/firefox:19880): Gtk-WARNING **: Theme parsing error: gtk.css:59:58: Junk at end of value
jan 21, 2018 22:54:46.38 
jan 21, 2018 22:54:46.38 (/usr/lib/firefox/firefox:19880): Gtk-WARNING **: Theme parsing error: gtk.css:70:46: Junk at end of value
jan 21, 2018 22:54:46.38 
jan 21, 2018 22:54:46.38 (/usr/lib/firefox/firefox:19880): Gtk-WARNING **: Theme parsing error: gtk.css:81:58: Junk at end of value
jan 21, 2018 23:01:27.65 
jan 21, 2018 23:01:27.65 (/usr/lib/firefox/firefox:31537): Gtk-WARNING **: Theme parsing error: gtk.css:27:35: Junk at end of value
jan 21, 2018 23:01:27.65 
jan 21, 2018 23:01:27.65 (/usr/lib/firefox/firefox:31537): Gtk-WARNING **: Theme parsing error: gtk.css:40:48: Junk at end of value
jan 21, 2018 23:01:27.65 
jan 21, 2018 23:01:27.65 (/usr/lib/firefox/firefox:31537): Gtk-WARNING **: Theme parsing error: gtk.css:48:46: Junk at end of value
jan 21, 2018 23:01:27.65 
jan 21, 2018 23:01:27.65 (/usr/lib/firefox/firefox:31537): Gtk-WARNING **: Theme parsing error: gtk.css:59:58: Junk at end of value
jan 21, 2018 23:01:27.65 
jan 21, 2018 23:01:27.66 (/usr/lib/firefox/firefox:31537): Gtk-WARNING **: Theme parsing error: gtk.css:70:46: Junk at end of value
jan 21, 2018 23:01:27.66 
jan 21, 2018 23:01:27.66 (/usr/lib/firefox/firefox:31537): Gtk-WARNING **: Theme parsing error: gtk.css:81:58: Junk at end of value
jan 21, 2018 23:48:46.90 
jan 21, 2018 23:48:46.90 (/usr/lib/firefox/firefox:15913): Gtk-WARNING **: Theme parsing error: gtk.css:27:35: Junk at end of value
jan 21, 2018 23:48:46.90 
jan 21, 2018 23:48:46.90 (/usr/lib/firefox/firefox:15913): Gtk-WARNING **: Theme parsing error: gtk.css:40:48: Junk at end of value
jan 21, 2018 23:48:46.90 
jan 21, 2018 23:48:46.90 (/usr/lib/firefox/firefox:15913): Gtk-WARNING **: Theme parsing error: gtk.css:48:46: Junk at end of value
jan 21, 2018 23:48:46.90 
jan 21, 2018 23:48:46.90 (/usr/lib/firefox/firefox:15913): Gtk-WARNING **: Theme parsing error: gtk.css:59:58: Junk at end of value
jan 21, 2018 23:48:46.90 
jan 21, 2018 23:48:46.90 (/usr/lib/firefox/firefox:15913): Gtk-WARNING **: Theme parsing error: gtk.css:70:46: Junk at end of value
jan 21, 2018 23:48:46.90 
jan 21, 2018 23:48:46.90 (/usr/lib/firefox/firefox:15913): Gtk-WARNING **: Theme parsing error: gtk.css:81:58: Junk at end of value
jan 21, 2018 23:48:48.04 
jan 21, 2018 23:48:48.04 (/usr/lib/firefox/firefox:15952): Gtk-WARNING **: Theme parsing error: gtk.css:27:35: Junk at end of value
jan 21, 2018 23:48:48.04 
jan 21, 2018 23:48:48.04 (/usr/lib/firefox/firefox:15952): Gtk-WARNING **: Theme parsing error: gtk.css:40:48: Junk at end of value
jan 21, 2018 23:48:48.04 
jan 21, 2018 23:48:48.04 (/usr/lib/firefox/firefox:15952): Gtk-WARNING **: Theme parsing error: gtk.css:48:46: Junk at end of value
jan 21, 2018 23:48:48.04 
jan 21, 2018 23:48:48.04 (/usr/lib/firefox/firefox:15952): Gtk-WARNING **: Theme parsing error: gtk.css:59:58: Junk at end of value
jan 21, 2018 23:48:48.04 
jan 21, 2018 23:48:48.04 (/usr/lib/firefox/firefox:15952): Gtk-WARNING **: Theme parsing error: gtk.css:70:46: Junk at end of value
jan 21, 2018 23:48:48.04 
jan 21, 2018 23:48:48.04 (/usr/lib/firefox/firefox:15952): Gtk-WARNING **: Theme parsing error: gtk.css:81:58: Junk at end of value
jan 21, 2018 23:49:25.95 [Parent 5165, Gecko_IOThread] WARNING: pipe error (72): Connection reset by peer: file /build/firefox-itlqqH/firefox-57.0.4+build1/ipc/chromium/src/chrome/common/ipc_channel_posix.cc, line 353
jan 21, 2018 23:49:29.68 
jan 21, 2018 23:49:29.68 (firefox:16646): Gtk-WARNING **: Theme parsing error: gtk.css:27:35: Junk at end of value
jan 21, 2018 23:49:29.68 
jan 21, 2018 23:49:29.68 (firefox:16646): Gtk-WARNING **: Theme parsing error: gtk.css:40:48: Junk at end of value
jan 21, 2018 23:49:29.68 
jan 21, 2018 23:49:29.68 (firefox:16646): Gtk-WARNING **: Theme parsing error: gtk.css:48:46: Junk at end of value
jan 21, 2018 23:49:29.68 
jan 21, 2018 23:49:29.68 (firefox:16646): Gtk-WARNING **: Theme parsing error: gtk.css:59:58: Junk at end of value
jan 21, 2018 23:49:29.68 
jan 21, 2018 23:49:29.68 (firefox:16646): Gtk-WARNING **: Theme parsing error: gtk.css:70:46: Junk at end of value
jan 21, 2018 23:49:29.68 
jan 21, 2018 23:49:29.68 (firefox:16646): Gtk-WARNING **: Theme parsing error: gtk.css:81:58: Junk at end of value
jan 21, 2018 23:49:32.12 
jan 21, 2018 23:49:32.12 (firefox:16757): Gtk-WARNING **: Theme parsing error: gtk.css:27:35: Junk at end of value
jan 21, 2018 23:49:32.12 
jan 21, 2018 23:49:32.12 (firefox:16757): Gtk-WARNING **: Theme parsing error: gtk.css:40:48: Junk at end of value
jan 21, 2018 23:49:32.12 
jan 21, 2018 23:49:32.12 (firefox:16757): Gtk-WARNING **: Theme parsing error: gtk.css:48:46: Junk at end of value
jan 21, 2018 23:49:32.12 
jan 21, 2018 23:49:32.12 (firefox:16757): Gtk-WARNING **: Theme parsing error: gtk.css:59:58: Junk at end of value
jan 21, 2018 23:49:32.12 
jan 21, 2018 23:49:32.12 (firefox:16757): Gtk-WARNING **: Theme parsing error: gtk.css:70:46: Junk at end of value
jan 21, 2018 23:49:32.12 
jan 21, 2018 23:49:32.12 (firefox:16757): Gtk-WARNING **: Theme parsing error: gtk.css:81:58: Junk at end of value
jan 21, 2018 23:49:33.29 
jan 21, 2018 23:49:33.29 (/usr/lib/firefox/firefox:16811): Gtk-WARNING **: Theme parsing error: gtk.css:27:35: Junk at end of value
jan 21, 2018 23:49:33.29 
jan 21, 2018 23:49:33.29 (/usr/lib/firefox/firefox:16811): Gtk-WARNING **: Theme parsing error: gtk.css:40:48: Junk at end of value
jan 21, 2018 23:49:33.29 
jan 21, 2018 23:49:33.29 (/usr/lib/firefox/firefox:16811): Gtk-WARNING **: Theme parsing error: gtk.css:48:46: Junk at end of value
jan 21, 2018 23:49:33.29 
jan 21, 2018 23:49:33.29 (/usr/lib/firefox/firefox:16811): Gtk-WARNING **: Theme parsing error: gtk.css:59:58: Junk at end of value
jan 21, 2018 23:49:33.29 
jan 21, 2018 23:49:33.29 (/usr/lib/firefox/firefox:16811): Gtk-WARNING **: Theme parsing error: gtk.css:70:46: Junk at end of value
jan 21, 2018 23:49:33.29 
jan 21, 2018 23:49:33.29 (/usr/lib/firefox/firefox:16811): Gtk-WARNING **: Theme parsing error: gtk.css:81:58: Junk at end of value
jan 21, 2018 23:49:36.60 
jan 21, 2018 23:49:36.60 (/usr/lib/firefox/firefox:16931): Gtk-WARNING **: Theme parsing error: gtk.css:27:35: Junk at end of value
jan 21, 2018 23:49:36.60 
jan 21, 2018 23:49:36.60 (/usr/lib/firefox/firefox:16931): Gtk-WARNING **: Theme parsing error: gtk.css:40:48: Junk at end of value
jan 21, 2018 23:49:36.60 
jan 21, 2018 23:49:36.60 (/usr/lib/firefox/firefox:16931): Gtk-WARNING **: Theme parsing error: gtk.css:48:46: Junk at end of value
jan 21, 2018 23:49:36.60 
jan 21, 2018 23:49:36.60 (/usr/lib/firefox/firefox:16931): Gtk-WARNING **: Theme parsing error: gtk.css:59:58: Junk at end of value
jan 21, 2018 23:49:36.60 
jan 21, 2018 23:49:36.60 (/usr/lib/firefox/firefox:16931): Gtk-WARNING **: Theme parsing error: gtk.css:70:46: Junk at end of value
jan 21, 2018 23:49:36.60 
jan 21, 2018 23:49:36.60 (/usr/lib/firefox/firefox:16931): Gtk-WARNING **: Theme parsing error: gtk.css:81:58: Junk at end of value
jan 21, 2018 23:49:37.36 
jan 21, 2018 23:49:37.36 (/usr/lib/firefox/firefox:16960): Gtk-WARNING **: Theme parsing error: gtk.css:27:35: Junk at end of value
jan 21, 2018 23:49:37.36 
jan 21, 2018 23:49:37.36 (/usr/lib/firefox/firefox:16960): Gtk-WARNING **: Theme parsing error: gtk.css:40:48: Junk at end of value
jan 21, 2018 23:49:37.36 
jan 21, 2018 23:49:37.36 (/usr/lib/firefox/firefox:16960): Gtk-WARNING **: Theme parsing error: gtk.css:48:46: Junk at end of value
jan 21, 2018 23:49:37.36 
jan 21, 2018 23:49:37.36 (/usr/lib/firefox/firefox:16960): Gtk-WARNING **: Theme parsing error: gtk.css:59:58: Junk at end of value
jan 21, 2018 23:49:37.36 
jan 21, 2018 23:49:37.36 (/usr/lib/firefox/firefox:16960): Gtk-WARNING **: Theme parsing error: gtk.css:70:46: Junk at end of value
jan 21, 2018 23:49:37.36 
jan 21, 2018 23:49:37.36 (/usr/lib/firefox/firefox:16960): Gtk-WARNING **: Theme parsing error: gtk.css:81:58: Junk at end of value
jan 21, 2018 23:49:39.79 
jan 21, 2018 23:49:39.79 ###!!! [Parent][MessageChannel] Error: (msgtype=0x150083,name=PBrowser::Msg_Destroy) Closed channel: cannot send/recv
jan 21, 2018 23:49:39.79 
jan 21, 2018 23:49:39.79 
jan 21, 2018 23:49:39.79 ###!!! [Child][MessageChannel] Error: (msgtype=0x150001,name=PBrowser::Msg_AsyncMessage) Closed channel: cannot send/recv
jan 21, 2018 23:49:39.79 
